<?xml version="1.0" encoding="UTF-8"?>
<!-- Generated by org.testng.reporters.JUnitReportReporter -->
<testsuite hostname="DESKTOP-IA9V266" failures="0" tests="1" name="SeleniumFramework2.Data.BaseDriverExcelClass" time="9.749" errors="0" timestamp="2024-03-13T19:21:57 GMT" skipped="0">
  <testcase classname="SeleniumFramework2.Data.BaseDriverExcelClass" name="LoginRun" time="9.749"/>
  <system-out/>
</testsuite> <!-- SeleniumFramework2.Data.BaseDriverExcelClass -->
