<?xml version="1.0" encoding="UTF-8"?>
<!-- Generated by org.testng.reporters.JUnitReportReporter -->
<testsuite hostname="DESKTOP-IA9V266" failures="0" tests="1" name="SeleniumFramework2.Data.BaseDriverClass" time="37.689" errors="0" timestamp="2024-03-03T13:06:55 GMT" skipped="0">
  <testcase classname="SeleniumFramework2.Data.BaseDriverClass" name="DriverLoad" time="37.689"/>
  <system-out/>
</testsuite> <!-- SeleniumFramework2.Data.BaseDriverClass -->
