<?xml version="1.0" encoding="UTF-8"?>
<!-- Generated by org.testng.reporters.JUnitReportReporter -->
<testsuite hostname="DESKTOP-IA9V266" failures="0" tests="1" name="SeleniumFramework2.Data.WebsitePageLoad" time="34.625" errors="0" timestamp="2024-03-02T07:02:33 GMT" skipped="0">
  <testcase classname="SeleniumFramework2.Data.WebsitePageLoad" name="DriverInfo" time="34.625"/>
  <system-out/>
</testsuite> <!-- SeleniumFramework2.Data.WebsitePageLoad -->
